<?xml version="1.0" encoding="UTF-8"?>
<testng-results skipped="0" failed="0" total="1" passed="1">
  <reporter-output>
  </reporter-output>
  <suite name="Default suite" duration-ms="12397" started-at="2019-08-06T14:25:02Z" finished-at="2019-08-06T14:25:14Z">
    <groups>
    </groups>
    <test name="Default test" duration-ms="12397" started-at="2019-08-06T14:25:02Z" finished-at="2019-08-06T14:25:14Z">
      <class name="selenium.Topic_15_16_WedDriverWait">
        <test-method status="PASS" signature="beforeMethod()[pri:0, instance:selenium.Topic_15_16_WedDriverWait@47fd17e3]" name="beforeMethod" is-config="true" duration-ms="4069" started-at="2019-08-06T21:25:02Z" finished-at="2019-08-06T21:25:06Z">
          <reporter-output>
          </reporter-output>
        </test-method> <!-- beforeMethod -->
        <test-method status="PASS" signature="TC_04()[pri:0, instance:selenium.Topic_15_16_WedDriverWait@47fd17e3]" name="TC_04" duration-ms="8186" started-at="2019-08-06T21:25:06Z" finished-at="2019-08-06T21:25:14Z">
          <reporter-output>
          </reporter-output>
        </test-method> <!-- TC_04 -->
        <test-method status="PASS" signature="afterMethod()[pri:0, instance:selenium.Topic_15_16_WedDriverWait@47fd17e3]" name="afterMethod" is-config="true" duration-ms="120" started-at="2019-08-06T21:25:14Z" finished-at="2019-08-06T21:25:14Z">
          <reporter-output>
          </reporter-output>
        </test-method> <!-- afterMethod -->
      </class> <!-- selenium.Topic_15_16_WedDriverWait -->
    </test> <!-- Default test -->
  </suite> <!-- Default suite -->
</testng-results>
