<?xml version="1.0" encoding="UTF-8"?>
<!-- Generated by org.testng.reporters.JUnitReportReporter -->
<testsuite hostname="NhanPVs-MacBook-Pro.local" name="selenium.Topic_08_DropdownList" tests="8" failures="0" timestamp="29 Jul 2019 13:43:15 GMT" time="219.171" errors="0">
  <testcase name="TC_04_KendoUI" time="18.780" classname="selenium.Topic_08_DropdownList"/>
  <testcase name="TC_01_DropdownList" time="63.157" classname="selenium.Topic_08_DropdownList"/>
  <testcase name="TC_03_Angualar" time="11.409" classname="selenium.Topic_08_DropdownList"/>
  <testcase name="TC_08_Editalbe_jQuery" time="6.555" classname="selenium.Topic_08_DropdownList"/>
  <testcase name="TC_06_VueJS" time="2.791" classname="selenium.Topic_08_DropdownList"/>
  <testcase name="TC_07_ReactJS" time="70.687" classname="selenium.Topic_08_DropdownList"/>
  <testcase name="TC_05_CustomMultipleItems" time="31.513" classname="selenium.Topic_08_DropdownList"/>
  <testcase name="TC_02_jQuery" time="14.279" classname="selenium.Topic_08_DropdownList"/>
</testsuite> <!-- selenium.Topic_08_DropdownList -->
