<?xml version="1.0" encoding="UTF-8"?>
<!-- Generated by org.testng.reporters.JUnitReportReporter -->
<testsuite hostname="VietNhans-MacBook-Pro.local" name="selenium.Topic_06_WebBrowser_WebElement" tests="3" failures="0" timestamp="1 Jul 2019 13:13:06 GMT" time="1.306" errors="0">
  <testcase name="TC_03_Selected" time="0.461" classname="selenium.Topic_06_WebBrowser_WebElement"/>
  <testcase name="TC_01_Displayed" time="0.558" classname="selenium.Topic_06_WebBrowser_WebElement"/>
  <testcase name="TC_02_EnableAndDisable" time="0.287" classname="selenium.Topic_06_WebBrowser_WebElement"/>
</testsuite> <!-- selenium.Topic_06_WebBrowser_WebElement -->
