<?xml version="1.0" encoding="UTF-8"?>
<!-- Generated by org.testng.reporters.JUnitReportReporter -->
<testsuite hostname="VietNhans-MacBook-Pro.local" name="selenium.Topic_08_DropdownList" tests="5" failures="0" timestamp="9 Jul 2019 16:22:25 GMT" time="76.446" errors="0">
  <testcase name="TC_02_jQuery" time="15.081" classname="selenium.Topic_08_DropdownList"/>
  <testcase name="TC_01_DropdownList" time="8.484" classname="selenium.Topic_08_DropdownList"/>
  <testcase name="TC_04_KendoUI" time="11.904" classname="selenium.Topic_08_DropdownList"/>
  <testcase name="TC_05_CustomMultipleItems" time="27.855" classname="selenium.Topic_08_DropdownList"/>
  <testcase name="TC_03_Angualar" time="13.122" classname="selenium.Topic_08_DropdownList"/>
</testsuite> <!-- selenium.Topic_08_DropdownList -->
