<?xml version="1.0" encoding="UTF-8"?>
<!-- Generated by org.testng.reporters.JUnitReportReporter -->
<testsuite hostname="VietNhans-MacBook-Pro.local" name="selenium.Topic_07_Textbox_TextArea" tests="2" failures="0" timestamp="4 Jul 2019 13:14:22 GMT" time="14.072" errors="0">
  <testcase name="TC_02_EditCustomer" time="6.819" classname="selenium.Topic_07_Textbox_TextArea"/>
  <testcase name="TC_01_CreateNewCustomer" time="7.253" classname="selenium.Topic_07_Textbox_TextArea"/>
</testsuite> <!-- selenium.Topic_07_Textbox_TextArea -->
