<?xml version="1.0" encoding="UTF-8"?>
<!-- Generated by org.testng.reporters.JUnitReportReporter -->
<testsuite hostname="VietNhans-MacBook-Pro.local" name="selenium.Topic_01_CheckEnvironment" tests="2" failures="0" timestamp="27 Jun 2019 15:04:39 GMT" time="0.089" errors="0">
  <testcase name="TC_01" time="0.088" classname="selenium.Topic_01_CheckEnvironment"/>
  <testcase name="TC_02" time="0.001" classname="selenium.Topic_01_CheckEnvironment"/>
</testsuite> <!-- selenium.Topic_01_CheckEnvironment -->
