<?xml version="1.0" encoding="UTF-8"?>
<!-- Generated by org.testng.reporters.JUnitReportReporter -->
<testsuite hostname="VietNhans-MacBook-Pro.local" name="selenium.Topic_02_XPath_Css_Part_I" tests="5" failures="0" timestamp="30 Jun 2019 09:46:39 GMT" time="28.985" errors="0">
  <testcase name="TC_03_LoginWithPassLessThan6Characters" time="2.368" classname="selenium.Topic_02_XPath_Css_Part_I"/>
  <testcase name="TC_05_CreateAnAccount" time="20.335" classname="selenium.Topic_02_XPath_Css_Part_I"/>
  <testcase name="TC_02_LoginWithEmailInvalid" time="1.772" classname="selenium.Topic_02_XPath_Css_Part_I"/>
  <testcase name="TC_01_LoginEmpty" time="1.912" classname="selenium.Topic_02_XPath_Css_Part_I"/>
  <testcase name="TC_04_LoginWithPassInccorect" time="2.598" classname="selenium.Topic_02_XPath_Css_Part_I"/>
</testsuite> <!-- selenium.Topic_02_XPath_Css_Part_I -->
